?: False
add_log_prob: False
add_mask_cond: False
alsologtostderr: False
animal_data_file: my_smpl_data_0791_to_root_n_skel_n_back_joints_leg_scaled_all.pkl
animal_emb_dim: 145
batch_size: 16
beta1: 0.9
checkpoint_dir: /home/szuffi/projects/awol/awol/code/nnutils/../cachedir/snapshots
compress_params: False
dog_emb_dim: 39
flow_type: realnvp
gpu_id: 0
help: False
helpfull: False
helpshort: False
helpxml: False
hidden_encode_dim: 512
learning_rate: 1e-05
log_dir: 
log_prob_weight: 0.1
logger_levels: {}
logtostderr: False
loss_type: L1
map_categorical: False
max_images: 20
model_type: flow
n_data_workers: 4
name: animal_realnvp_mask
no_compression: False
noise: True
normalize: False
num_blocks: 5
num_epochs: 6000
num_hidden: 1024
num_pretrain_epochs: 2500
num_samples: 10000
num_train_epoch: 100
object: animal
object_dir: /home/szuffi/projects/awol/awol/data/
only_check_args: False
pdb: False
pdb_post_mortem: False
print_freq: 20
print_scalars: True
profile_file: None
reorder_tree_shape: False
run_with_pdb: False
run_with_profiling: False
save_epoch_freq: 10000
showprefixforinfo: True
shuffle: True
stderrthreshold: fatal
train_mask: True
use_cprofile_for_profiling: True
use_images: False
v: 0
verbosity: 0
